{"uid":"43b55d6343415eed","name":"Create product and verify the details","fullName":"TestProjectBDD/Features/Product/Create product and verify the details","historyId":"24c4b4dfc78225370badbee62c7bf469","time":{"start":1722699745786,"stop":1722699749115,"duration":3329},"status":"broken","statusMessage":"no such element: Unable to locate element: {\"method\":\"xpath\",\"selector\":\".//table/tbody/tr/td[0][contains(text(),'Keyboard_UI_Item')]/..//td[6]/a[text() = 'Details']\"}\n  (Session info: chrome=123.0.6312.86); For documentation on this error, please visit: https://www.selenium.dev/documentation/webdriver/troubleshooting/errors#no-such-element-exception","statusTrace":"OpenQA.Selenium.NoSuchElementException: no such element: Unable to locate element: {\"method\":\"xpath\",\"selector\":\".//table/tbody/tr/td[0][contains(text(),'Keyboard_UI_Item')]/..//td[6]/a[text() = 'Details']\"}\n  (Session info: chrome=123.0.6312.86); For documentation on this error, please visit: https://www.selenium.dev/documentation/webdriver/troubleshooting/errors#no-such-element-exception\n   at OpenQA.Selenium.WebDriver.UnpackAndThrowOnError(Response errorResponse, String commandToExecute)\n   at OpenQA.Selenium.WebDriver.ExecuteAsync(String driverCommandToExecute, Dictionary`2 parameters)\n   at OpenQA.Selenium.WebDriver.Execute(String driverCommandToExecute, Dictionary`2 parameters)\n   at OpenQA.Selenium.WebDriver.FindElement(String mechanism, String value)\n   at OpenQA.Selenium.By.<.ctor>b__11_0(ISearchContext context)\n   at OpenQA.Selenium.By.FindElement(ISearchContext context)\n   at OpenQA.Selenium.WebDriver.FindElement(By by)\n   at TestFramework.Pages.HomePage.PerformClickOnSpecialValue(String itemName, String operation) in /src/AutomationTests/TestFramework/Pages/HomePage.cs:line 34\n   at TestProjectBDD.StepDefinitions.ProductWebSteps.ClickLinkForNewlyCreatedProduct(String operation) in /src/AutomationTests/TestProjectBDD/StepDefinitions/ProductWebSteps.cs:line 106\n   at System.RuntimeMethodHandle.InvokeMethod(Object target, Void** arguments, Signature sig, Boolean isConstructor)\n   at System.Reflection.MethodBaseInvoker.InvokeDirectByRefWithFewArgs(Object obj, Span`1 copyOfArgs, BindingFlags invokeAttr)\n--- End of stack trace from previous location ---\n   at Reqnroll.Bindings.BindingInvoker.InvokeBindingAsync(IBinding binding, IContextManager contextManager, Object[] arguments, ITestTracer testTracer, DurationHolder durationHolder)\n   at Reqnroll.Infrastructure.TestExecutionEngine.ExecuteStepMatchAsync(BindingMatch match, Object[] arguments, DurationHolder durationHolder)\n   at Reqnroll.Infrastructure.TestExecutionEngine.ExecuteStepAsync(IContextManager contextManager, StepInstance stepInstance)\n   at Reqnroll.Infrastructure.TestExecutionEngine.OnAfterLastStepAsync()\n   at Reqnroll.TestRunner.CollectScenarioErrorsAsync()\n   at Allure.ReqnrollPlugin.SelectiveRun.TestPlanAwareTestRunner.CollectScenarioErrorsAsync()\n   at TestProjectBDD.Features.ProductFeature.ScenarioCleanupAsync()\n   at TestProjectBDD.Features.ProductFeature.CreateProductAndVerifyTheDetails() in /src/AutomationTests/TestProjectBDD/Features/Product.feature:line 13\n   at Xunit.Sdk.TestInvoker`1.<>c__DisplayClass46_0.<<InvokeTestMethodAsync>b__1>d.MoveNext() in /_/src/xunit.execution/Sdk/Frameworks/Runners/TestInvoker.cs:line 253\n--- End of stack trace from previous location ---\n   at Xunit.Sdk.ExecutionTimer.AggregateAsync(Func`1 asyncAction) in /_/src/xunit.execution/Sdk/Frameworks/ExecutionTimer.cs:line 48\n   at Xunit.Sdk.ExceptionAggregator.RunAsync(Func`1 code) in /_/src/xunit.core/Sdk/ExceptionAggregator.cs:line 90","flaky":false,"newFailed":false,"newBroken":true,"newPassed":false,"retriesCount":0,"retriesStatusChange":false,"beforeStages":[],"testStage":{"status":"broken","statusMessage":"no such element: Unable to locate element: {\"method\":\"xpath\",\"selector\":\".//table/tbody/tr/td[0][contains(text(),'Keyboard_UI_Item')]/..//td[6]/a[text() = 'Details']\"}\n  (Session info: chrome=123.0.6312.86); For documentation on this error, please visit: https://www.selenium.dev/documentation/webdriver/troubleshooting/errors#no-such-element-exception","statusTrace":"OpenQA.Selenium.NoSuchElementException: no such element: Unable to locate element: {\"method\":\"xpath\",\"selector\":\".//table/tbody/tr/td[0][contains(text(),'Keyboard_UI_Item')]/..//td[6]/a[text() = 'Details']\"}\n  (Session info: chrome=123.0.6312.86); For documentation on this error, please visit: https://www.selenium.dev/documentation/webdriver/troubleshooting/errors#no-such-element-exception\n   at OpenQA.Selenium.WebDriver.UnpackAndThrowOnError(Response errorResponse, String commandToExecute)\n   at OpenQA.Selenium.WebDriver.ExecuteAsync(String driverCommandToExecute, Dictionary`2 parameters)\n   at OpenQA.Selenium.WebDriver.Execute(String driverCommandToExecute, Dictionary`2 parameters)\n   at OpenQA.Selenium.WebDriver.FindElement(String mechanism, String value)\n   at OpenQA.Selenium.By.<.ctor>b__11_0(ISearchContext context)\n   at OpenQA.Selenium.By.FindElement(ISearchContext context)\n   at OpenQA.Selenium.WebDriver.FindElement(By by)\n   at TestFramework.Pages.HomePage.PerformClickOnSpecialValue(String itemName, String operation) in /src/AutomationTests/TestFramework/Pages/HomePage.cs:line 34\n   at TestProjectBDD.StepDefinitions.ProductWebSteps.ClickLinkForNewlyCreatedProduct(String operation) in /src/AutomationTests/TestProjectBDD/StepDefinitions/ProductWebSteps.cs:line 106\n   at System.RuntimeMethodHandle.InvokeMethod(Object target, Void** arguments, Signature sig, Boolean isConstructor)\n   at System.Reflection.MethodBaseInvoker.InvokeDirectByRefWithFewArgs(Object obj, Span`1 copyOfArgs, BindingFlags invokeAttr)\n--- End of stack trace from previous location ---\n   at Reqnroll.Bindings.BindingInvoker.InvokeBindingAsync(IBinding binding, IContextManager contextManager, Object[] arguments, ITestTracer testTracer, DurationHolder durationHolder)\n   at Reqnroll.Infrastructure.TestExecutionEngine.ExecuteStepMatchAsync(BindingMatch match, Object[] arguments, DurationHolder durationHolder)\n   at Reqnroll.Infrastructure.TestExecutionEngine.ExecuteStepAsync(IContextManager contextManager, StepInstance stepInstance)\n   at Reqnroll.Infrastructure.TestExecutionEngine.OnAfterLastStepAsync()\n   at Reqnroll.TestRunner.CollectScenarioErrorsAsync()\n   at Allure.ReqnrollPlugin.SelectiveRun.TestPlanAwareTestRunner.CollectScenarioErrorsAsync()\n   at TestProjectBDD.Features.ProductFeature.ScenarioCleanupAsync()\n   at TestProjectBDD.Features.ProductFeature.CreateProductAndVerifyTheDetails() in /src/AutomationTests/TestProjectBDD/Features/Product.feature:line 13\n   at Xunit.Sdk.TestInvoker`1.<>c__DisplayClass46_0.<<InvokeTestMethodAsync>b__1>d.MoveNext() in /_/src/xunit.execution/Sdk/Frameworks/Runners/TestInvoker.cs:line 253\n--- End of stack trace from previous location ---\n   at Xunit.Sdk.ExecutionTimer.AggregateAsync(Func`1 asyncAction) in /_/src/xunit.execution/Sdk/Frameworks/ExecutionTimer.cs:line 48\n   at Xunit.Sdk.ExceptionAggregator.RunAsync(Func`1 code) in /_/src/xunit.core/Sdk/ExceptionAggregator.cs:line 90","steps":[{"name":"When I open product menu","time":{"start":1722699745792,"stop":1722699748029,"duration":2237},"status":"passed","steps":[],"attachments":[],"parameters":[],"shouldDisplayMessage":false,"stepsCount":0,"attachmentsCount":0,"hasContent":false},{"name":"When I click create new product","time":{"start":1722699748030,"stop":1722699748210,"duration":180},"status":"passed","steps":[],"attachments":[],"parameters":[],"shouldDisplayMessage":false,"stepsCount":0,"attachmentsCount":0,"hasContent":false},{"name":"When I fill product fields with following details","time":{"start":1722699748211,"stop":1722699749046,"duration":835},"status":"passed","steps":[],"attachments":[{"uid":"7425350bc2c578d4","name":"Data Table","source":"7425350bc2c578d4.csv","type":"text/csv","size":94}],"parameters":[],"shouldDisplayMessage":false,"stepsCount":0,"attachmentsCount":1,"hasContent":true},{"name":"When I click the Details link of the newly created product","time":{"start":1722699749046,"stop":1722699749111,"duration":65},"status":"broken","statusMessage":"no such element: Unable to locate element: {\"method\":\"xpath\",\"selector\":\".//table/tbody/tr/td[0][contains(text(),'Keyboard_UI_Item')]/..//td[6]/a[text() = 'Details']\"}\n  (Session info: chrome=123.0.6312.86); For documentation on this error, please visit: https://www.selenium.dev/documentation/webdriver/troubleshooting/errors#no-such-element-exception","statusTrace":"OpenQA.Selenium.NoSuchElementException: no such element: Unable to locate element: {\"method\":\"xpath\",\"selector\":\".//table/tbody/tr/td[0][contains(text(),'Keyboard_UI_Item')]/..//td[6]/a[text() = 'Details']\"}\n  (Session info: chrome=123.0.6312.86); For documentation on this error, please visit: https://www.selenium.dev/documentation/webdriver/troubleshooting/errors#no-such-element-exception\n   at OpenQA.Selenium.WebDriver.UnpackAndThrowOnError(Response errorResponse, String commandToExecute)\n   at OpenQA.Selenium.WebDriver.ExecuteAsync(String driverCommandToExecute, Dictionary`2 parameters)\n   at OpenQA.Selenium.WebDriver.Execute(String driverCommandToExecute, Dictionary`2 parameters)\n   at OpenQA.Selenium.WebDriver.FindElement(String mechanism, String value)\n   at OpenQA.Selenium.By.<.ctor>b__11_0(ISearchContext context)\n   at OpenQA.Selenium.By.FindElement(ISearchContext context)\n   at OpenQA.Selenium.WebDriver.FindElement(By by)\n   at TestFramework.Pages.HomePage.PerformClickOnSpecialValue(String itemName, String operation) in /src/AutomationTests/TestFramework/Pages/HomePage.cs:line 34\n   at TestProjectBDD.StepDefinitions.ProductWebSteps.ClickLinkForNewlyCreatedProduct(String operation) in /src/AutomationTests/TestProjectBDD/StepDefinitions/ProductWebSteps.cs:line 106\n   at System.RuntimeMethodHandle.InvokeMethod(Object target, Void** arguments, Signature sig, Boolean isConstructor)\n   at System.Reflection.MethodBaseInvoker.InvokeDirectByRefWithFewArgs(Object obj, Span`1 copyOfArgs, BindingFlags invokeAttr)\n--- End of stack trace from previous location ---\n   at Reqnroll.Bindings.BindingInvoker.InvokeBindingAsync(IBinding binding, IContextManager contextManager, Object[] arguments, ITestTracer testTracer, DurationHolder durationHolder)\n   at Reqnroll.Infrastructure.TestExecutionEngine.ExecuteStepMatchAsync(BindingMatch match, Object[] arguments, DurationHolder durationHolder)\n   at Reqnroll.Infrastructure.TestExecutionEngine.ExecuteStepAsync(IContextManager contextManager, StepInstance stepInstance)","steps":[],"attachments":[],"parameters":[],"shouldDisplayMessage":true,"stepsCount":0,"attachmentsCount":0,"hasContent":true},{"name":"Then I see all the product details are created as expected","time":{"start":1722699749112,"stop":1722699749114,"duration":2},"status":"skipped","steps":[],"attachments":[],"parameters":[],"shouldDisplayMessage":false,"stepsCount":0,"attachmentsCount":0,"hasContent":false}],"attachments":[],"parameters":[],"shouldDisplayMessage":false,"stepsCount":5,"attachmentsCount":1,"hasContent":true},"afterStages":[{"name":"ProductAPIHooks.DeleteProduct()","time":{"start":1722699749116,"stop":1722699749121,"duration":5},"status":"passed","steps":[],"attachments":[],"parameters":[],"shouldDisplayMessage":false,"stepsCount":0,"attachmentsCount":0,"hasContent":false},{"name":"ProductWebHooks.AfterEach()","time":{"start":1722699749121,"stop":1722699749289,"duration":168},"status":"passed","steps":[],"attachments":[{"uid":"2d1cbd9d34df13fa","name":"errorScreenshot.png","source":"2d1cbd9d34df13fa.png","type":"image/png","size":42782},{"uid":"cc26beb45f32c031","name":"browserLogs.txt","source":"cc26beb45f32c031.bin","type":"text/plain","size":0},{"uid":"32cf9908471ba903","name":"pageSource.html","source":"32cf9908471ba903.html","type":"text/html","size":5219}],"parameters":[],"shouldDisplayMessage":false,"stepsCount":0,"attachmentsCount":3,"hasContent":true}],"labels":[{"name":"host","value":"52d222f2425d"},{"name":"thread","value":".NET TP Worker"},{"name":"language","value":"C#"},{"name":"framework","value":"Reqnroll"},{"name":"package","value":"Features.Product"},{"name":"feature","value":"Product"},{"name":"tag","value":"UI_Steps"},{"name":"tag","value":"Teardown.API.DeleteCreatedProduct"},{"name":"resultFormat","value":"allure2"}],"parameters":[],"links":[],"hidden":false,"retry":false,"extra":{"severity":"normal","retries":[],"categories":[{"name":"Test defects","matchedStatuses":[],"flaky":false}],"history":{"statistic":{"failed":0,"broken":1,"skipped":0,"passed":1,"unknown":0,"total":2},"items":[{"uid":"7ddf344ce311ac2a","reportUrl":"https://VlasovAndr.github.io/SUT/63//#testresult/7ddf344ce311ac2a","status":"passed","time":{"start":1722699405923,"stop":1722699409768,"duration":3845}}]},"tags":["UI_Steps","Teardown.API.DeleteCreatedProduct"]},"source":"43b55d6343415eed.json","parameterValues":[]}