{"uid":"b57cbe432aaf4c59","name":"Create product and verify the details","fullName":"Create product and verify the details","historyId":"Create product and verify the details","time":{"start":1720960009023,"stop":1720960012307,"duration":3284},"status":"failed","statusMessage":"no such element: Unable to locate element: {\"method\":\"xpath\",\"selector\":\".//table/tbody/tr/td[0][contains(text(),'Keyboard_UI_Item')]/..//td[6]/a[text() = 'Details']\"}\n  (Session info: chrome=123.0.6312.86); For documentation on this error, please visit: https://www.selenium.dev/documentation/webdriver/troubleshooting/errors#no-such-element-exception","statusTrace":"OpenQA.Selenium.NoSuchElementException: no such element: Unable to locate element: {\"method\":\"xpath\",\"selector\":\".//table/tbody/tr/td[0][contains(text(),'Keyboard_UI_Item')]/..//td[6]/a[text() = 'Details']\"}\n  (Session info: chrome=123.0.6312.86); For documentation on this error, please visit: https://www.selenium.dev/documentation/webdriver/troubleshooting/errors#no-such-element-exception\n   at OpenQA.Selenium.WebDriver.UnpackAndThrowOnError(Response errorResponse, String commandToExecute)\n   at OpenQA.Selenium.WebDriver.Execute(String driverCommandToExecute, Dictionary`2 parameters)\n   at OpenQA.Selenium.WebDriver.FindElement(String mechanism, String value)\n   at OpenQA.Selenium.By.<.ctor>b__11_0(ISearchContext context)\n   at OpenQA.Selenium.By.FindElement(ISearchContext context)\n   at OpenQA.Selenium.WebDriver.FindElement(By by)\n   at TestFramework.Pages.HomePage.PerformClickOnSpecialValue(String itemName, String operation) in /src/AutomationTests/TestFramework/Pages/HomePage.cs:line 34\n   at TestProjectBDD.StepDefinitions.ProductWebSteps.ClickLinkForNewlyCreatedProduct(String operation) in /src/AutomationTests/TestProjectBDD/StepDefinitions/ProductWebSteps.cs:line 106\n   at System.RuntimeMethodHandle.InvokeMethod(Object target, Void** arguments, Signature sig, Boolean isConstructor)\n   at System.Reflection.MethodBaseInvoker.InvokeDirectByRefWithFewArgs(Object obj, Span`1 copyOfArgs, BindingFlags invokeAttr)\n   at TechTalk.SpecFlow.Bindings.BindingInvoker.InvokeBinding(IBinding binding, IContextManager contextManager, Object[] arguments, ITestTracer testTracer, TimeSpan& duration)\n   at Allure.SpecFlowPlugin.AllureBindingInvoker.InvokeBinding(IBinding binding, IContextManager contextManager, Object[] arguments, ITestTracer testTracer, TimeSpan& duration)\n   at TechTalk.SpecFlow.Infrastructure.TestExecutionEngine.ExecuteStepMatch(BindingMatch match, Object[] arguments, TimeSpan& duration)\n   at TechTalk.SpecFlow.Infrastructure.TestExecutionEngine.ExecuteStep(IContextManager contextManager, StepInstance stepInstance)","flaky":false,"newFailed":true,"newBroken":false,"newPassed":false,"retriesCount":0,"retriesStatusChange":false,"beforeStages":[],"testStage":{"status":"failed","statusMessage":"no such element: Unable to locate element: {\"method\":\"xpath\",\"selector\":\".//table/tbody/tr/td[0][contains(text(),'Keyboard_UI_Item')]/..//td[6]/a[text() = 'Details']\"}\n  (Session info: chrome=123.0.6312.86); For documentation on this error, please visit: https://www.selenium.dev/documentation/webdriver/troubleshooting/errors#no-such-element-exception","statusTrace":"OpenQA.Selenium.NoSuchElementException: no such element: Unable to locate element: {\"method\":\"xpath\",\"selector\":\".//table/tbody/tr/td[0][contains(text(),'Keyboard_UI_Item')]/..//td[6]/a[text() = 'Details']\"}\n  (Session info: chrome=123.0.6312.86); For documentation on this error, please visit: https://www.selenium.dev/documentation/webdriver/troubleshooting/errors#no-such-element-exception\n   at OpenQA.Selenium.WebDriver.UnpackAndThrowOnError(Response errorResponse, String commandToExecute)\n   at OpenQA.Selenium.WebDriver.Execute(String driverCommandToExecute, Dictionary`2 parameters)\n   at OpenQA.Selenium.WebDriver.FindElement(String mechanism, String value)\n   at OpenQA.Selenium.By.<.ctor>b__11_0(ISearchContext context)\n   at OpenQA.Selenium.By.FindElement(ISearchContext context)\n   at OpenQA.Selenium.WebDriver.FindElement(By by)\n   at TestFramework.Pages.HomePage.PerformClickOnSpecialValue(String itemName, String operation) in /src/AutomationTests/TestFramework/Pages/HomePage.cs:line 34\n   at TestProjectBDD.StepDefinitions.ProductWebSteps.ClickLinkForNewlyCreatedProduct(String operation) in /src/AutomationTests/TestProjectBDD/StepDefinitions/ProductWebSteps.cs:line 106\n   at System.RuntimeMethodHandle.InvokeMethod(Object target, Void** arguments, Signature sig, Boolean isConstructor)\n   at System.Reflection.MethodBaseInvoker.InvokeDirectByRefWithFewArgs(Object obj, Span`1 copyOfArgs, BindingFlags invokeAttr)\n   at TechTalk.SpecFlow.Bindings.BindingInvoker.InvokeBinding(IBinding binding, IContextManager contextManager, Object[] arguments, ITestTracer testTracer, TimeSpan& duration)\n   at Allure.SpecFlowPlugin.AllureBindingInvoker.InvokeBinding(IBinding binding, IContextManager contextManager, Object[] arguments, ITestTracer testTracer, TimeSpan& duration)\n   at TechTalk.SpecFlow.Infrastructure.TestExecutionEngine.ExecuteStepMatch(BindingMatch match, Object[] arguments, TimeSpan& duration)\n   at TechTalk.SpecFlow.Infrastructure.TestExecutionEngine.ExecuteStep(IContextManager contextManager, StepInstance stepInstance)","steps":[{"name":"When  I open product menu","time":{"start":1720960009030,"stop":1720960011254,"duration":2224},"status":"passed","steps":[],"attachments":[],"parameters":[],"shouldDisplayMessage":false,"stepsCount":0,"attachmentsCount":0,"hasContent":false},{"name":"And  I click create new product","time":{"start":1720960011254,"stop":1720960011424,"duration":170},"status":"passed","steps":[],"attachments":[],"parameters":[],"shouldDisplayMessage":false,"stepsCount":0,"attachmentsCount":0,"hasContent":false},{"name":"And  I fill product fields with following details","time":{"start":1720960011424,"stop":1720960012233,"duration":809},"status":"passed","steps":[],"attachments":[{"uid":"b4c4d043242b1d85","name":"table","source":"b4c4d043242b1d85.csv","type":"text/csv","size":91}],"parameters":[],"shouldDisplayMessage":false,"stepsCount":0,"attachmentsCount":1,"hasContent":true},{"name":"And  I click the Details link of the newly created product","time":{"start":1720960012233,"stop":1720960012303,"duration":70},"status":"failed","steps":[],"attachments":[],"parameters":[],"shouldDisplayMessage":false,"stepsCount":0,"attachmentsCount":0,"hasContent":false},{"name":"Then  I see all the product details are created as expected","time":{"start":1720960012304,"stop":1720960012304,"duration":0},"status":"skipped","steps":[],"attachments":[],"parameters":[],"shouldDisplayMessage":false,"stepsCount":0,"attachmentsCount":0,"hasContent":false}],"attachments":[],"parameters":[],"shouldDisplayMessage":true,"stepsCount":5,"attachmentsCount":1,"hasContent":true},"afterStages":[{"name":"DeleteProduct [10000]","time":{"start":1720960012307,"stop":1720960012312,"duration":5},"status":"passed","steps":[],"attachments":[],"parameters":[],"shouldDisplayMessage":false,"stepsCount":0,"attachmentsCount":0,"hasContent":false}],"labels":[{"name":"thread","value":".NET Long Running Task"},{"name":"host","value":"48c988d1c2ab"},{"name":"feature","value":"Product"},{"name":"tag","value":"UI_Steps"},{"name":"tag","value":"Teardown.API.DeleteCreatedProduct"},{"name":"resultFormat","value":"allure2"}],"parameters":[],"links":[],"hidden":false,"retry":false,"extra":{"severity":"normal","retries":[],"categories":[{"name":"Product defects","matchedStatuses":[],"flaky":false}],"history":{"statistic":{"failed":1,"broken":0,"skipped":0,"passed":9,"unknown":0,"total":10},"items":[{"uid":"170c7c9f79dc5a5c","reportUrl":"https://VlasovAndr.github.io/SUT/52//#testresult/170c7c9f79dc5a5c","status":"passed","time":{"start":1720958343429,"stop":1720958347356,"duration":3927}},{"uid":"78077c4a2cb22957","reportUrl":"https://VlasovAndr.github.io/SUT/51//#testresult/78077c4a2cb22957","status":"passed","time":{"start":1720954345128,"stop":1720954348808,"duration":3680}},{"uid":"6831ceba670740ba","reportUrl":"https://VlasovAndr.github.io/SUT/50//#testresult/6831ceba670740ba","status":"passed","time":{"start":1720954053876,"stop":1720954057521,"duration":3645}},{"uid":"98e9b2005ebcbf4b","reportUrl":"https://VlasovAndr.github.io/SUT/49//#testresult/98e9b2005ebcbf4b","status":"passed","time":{"start":1720953945275,"stop":1720953949105,"duration":3830}},{"uid":"dd26cee92f7b8d7d","reportUrl":"https://VlasovAndr.github.io/SUT/48//#testresult/dd26cee92f7b8d7d","status":"passed","time":{"start":1720953605581,"stop":1720953609505,"duration":3924}},{"uid":"2b972140184d0281","reportUrl":"https://VlasovAndr.github.io/SUT/47//#testresult/2b972140184d0281","status":"passed","time":{"start":1720472377999,"stop":1720472381960,"duration":3961}},{"uid":"55c80047a7ac4ce3","reportUrl":"https://VlasovAndr.github.io/SUT/46//#testresult/55c80047a7ac4ce3","status":"passed","time":{"start":1720471783850,"stop":1720471787661,"duration":3811}},{"uid":"a978b568875584d5","reportUrl":"https://VlasovAndr.github.io/SUT/45//#testresult/a978b568875584d5","status":"passed","time":{"start":1720470504963,"stop":1720470508730,"duration":3767}},{"uid":"772041dd4bf59df","reportUrl":"https://VlasovAndr.github.io/SUT/44//#testresult/772041dd4bf59df","status":"passed","time":{"start":1720469625221,"stop":1720469629176,"duration":3955}}]},"tags":["UI_Steps","Teardown.API.DeleteCreatedProduct"]},"source":"b57cbe432aaf4c59.json","parameterValues":[]}